{"/Users/kellypapadopoulou/Downloads/se2-part1-backend-main/utils/helpers.js": {"path":"/Users/kellypapadopoulou/Downloads/se2-part1-backend-main/utils/helpers.js","statementMap":{"0":{"start":{"line":9,"column":29},"end":{"line":9,"column":71}},"1":{"start":{"line":9,"column":35},"end":{"line":9,"column":71}},"2":{"start":{"line":18,"column":26},"end":{"line":28,"column":1}},"3":{"start":{"line":19,"column":12},"end":{"line":19,"column":13}},"4":{"start":{"line":20,"column":2},"end":{"line":26,"column":3}},"5":{"start":{"line":21,"column":4},"end":{"line":21,"column":27}},"6":{"start":{"line":21,"column":18},"end":{"line":21,"column":27}},"7":{"start":{"line":22,"column":20},"end":{"line":22,"column":69}},"8":{"start":{"line":23,"column":4},"end":{"line":25,"column":5}},"9":{"start":{"line":24,"column":6},"end":{"line":24,"column":20}},"10":{"start":{"line":27,"column":2},"end":{"line":27,"column":31}}},"fnMap":{"0":{"name":"(anonymous_0)","decl":{"start":{"line":9,"column":29},"end":{"line":9,"column":30}},"loc":{"start":{"line":9,"column":35},"end":{"line":9,"column":71}},"line":9},"1":{"name":"(anonymous_1)","decl":{"start":{"line":18,"column":26},"end":{"line":18,"column":27}},"loc":{"start":{"line":18,"column":50},"end":{"line":28,"column":1}},"line":18}},"branchMap":{"0":{"loc":{"start":{"line":21,"column":4},"end":{"line":21,"column":27}},"type":"if","locations":[{"start":{"line":21,"column":4},"end":{"line":21,"column":27}},{"start":{},"end":{}}],"line":21},"1":{"loc":{"start":{"line":23,"column":4},"end":{"line":25,"column":5}},"type":"if","locations":[{"start":{"line":23,"column":4},"end":{"line":25,"column":5}},{"start":{},"end":{}}],"line":23},"2":{"loc":{"start":{"line":23,"column":8},"end":{"line":23,"column":47}},"type":"binary-expr","locations":[{"start":{"line":23,"column":8},"end":{"line":23,"column":30}},{"start":{"line":23,"column":34},"end":{"line":23,"column":47}}],"line":23}},"s":{"0":1,"1":3,"2":1,"3":4,"4":4,"5":10,"6":2,"7":8,"8":8,"9":3,"10":4},"f":{"0":3,"1":4},"b":{"0":[2,8],"1":[3,5],"2":[8,6]},"_coverageSchema":"1a1c01bbd47fc00a2c39e90264f33305004495a9","hash":"2a1049d31ae42da08d6a40004064e3d75d249b21"}
}
